# JRE version: OpenJDK Runtime Environment Temurin-21.0.9+10 (21.0.9+10) (build 21.0.9+10-LTS)
# Java VM: OpenJDK 64-Bit Server VM Temurin-21.0.9+10 (21.0.9+10-LTS, mixed mode, sharing, tiered, compressed oops, compressed class ptrs, parallel gc, windows-amd64)
GC Precious Log:
 CardTable entry size: 512
 CPUs: 8 total, 8 available
 Memory: 8013M
 Large Page Support: Disabled
 NUMA Support: Disabled
 Compressed Oops: Enabled (32-bit)
 Alignments: Space 512K, Generation 512K, Heap 2M
 Heap Min Capacity: 100M
 Heap Initial Capacity: 100M
 Heap Max Capacity: 2G
 Pre-touch: Disabled
 Parallel Workers: 8
Heap:
 PSYoungGen      total 4608K, used 1094K [0x00000000d5580000, 0x00000000d5b00000, 0x0000000100000000)
  eden space 3584K, 14% used [0x00000000d5580000,0x00000000d5601a90,0x00000000d5900000)
  from space 1024K, 56% used [0x00000000d5900000,0x00000000d5990000,0x00000000d5a00000)
  to   space 1024K, 0% used [0x00000000d5a00000,0x00000000d5a00000,0x00000000d5b00000)
 ParOldGen       total 479744K, used 479718K [0x0000000080000000, 0x000000009d480000, 0x00000000d5580000)
  object space 479744K, 99% used [0x0000000080000000,0x000000009d479bf0,0x000000009d480000)
 Metaspace       used 91778K, committed 93440K, reserved 1179648K
  class space    used 8913K, committed 9664K, reserved 1048576K
GC Heap History (20 events):
Event: 2695.428 GC heap before
{Heap before GC invocations=5329 (full 15):
 PSYoungGen      total 1536K, used 1087K [0x00000000d5580000, 0x00000000d5d00000, 0x0000000100000000)
  eden space 512K, 99% used [0x00000000d5580000,0x00000000d55fffe8,0x00000000d5600000)
  from space 1024K, 56% used [0x00000000d5600000,0x00000000d5690000,0x00000000d5700000)
  to   space 2560K, 0% used [0x00000000d5a80000,0x00000000d5a80000,0x00000000d5d00000)
 ParOldGen       total 472576K, used 472302K [0x0000000080000000, 0x000000009cd80000, 0x00000000d5580000)
  object space 472576K, 99% used [0x0000000080000000,0x000000009cd3b840,0x000000009cd80000)
 Metaspace       used 91751K, committed 93440K, reserved 1179648K
  class space    used 8913K, committed 9664K, reserved 1048576K
}
Event: 2695.434 GC heap after
{Heap after GC invocations=5329 (full 15):
 PSYoungGen      total 2048K, used 576K [0x00000000d5580000, 0x00000000d5b80000, 0x0000000100000000)
  eden space 1024K, 0% used [0x00000000d5580000,0x00000000d5580000,0x00000000d5680000)
  from space 1024K, 56% used [0x00000000d5a80000,0x00000000d5b10000,0x00000000d5b80000)
  to   space 1024K, 0% used [0x00000000d5980000,0x00000000d5980000,0x00000000d5a80000)
 ParOldGen       total 473088K, used 472750K [0x0000000080000000, 0x000000009ce00000, 0x00000000d5580000)
  object space 473088K, 99% used [0x0000000080000000,0x000000009cdab840,0x000000009ce00000)
 Metaspace       used 91751K, committed 93440K, reserved 1179648K
  class space    used 8913K, committed 9664K, reserved 1048576K
}
Event: 2695.442 GC heap before
{Heap before GC invocations=5330 (full 15):
 PSYoungGen      total 2048K, used 1600K [0x00000000d5580000, 0x00000000d5b80000, 0x0000000100000000)
  eden space 1024K, 100% used [0x00000000d5580000,0x00000000d5680000,0x00000000d5680000)
  from space 1024K, 56% used [0x00000000d5a80000,0x00000000d5b10000,0x00000000d5b80000)
  to   space 1024K, 0% used [0x00000000d5980000,0x00000000d5980000,0x00000000d5a80000)
 ParOldGen       total 473088K, used 472750K [0x0000000080000000, 0x000000009ce00000, 0x00000000d5580000)
  object space 473088K, 99% used [0x0000000080000000,0x000000009cdab840,0x000000009ce00000)
 Metaspace       used 91751K, committed 93440K, reserved 1179648K
  class space    used 8913K, committed 9664K, reserved 1048576K
}
Event: 2695.448 GC heap after
{Heap after GC invocations=5330 (full 15):
 PSYoungGen      total 2560K, used 1024K [0x00000000d5580000, 0x00000000d5b00000, 0x0000000100000000)
  eden space 1536K, 0% used [0x00000000d5580000,0x00000000d5580000,0x00000000d5700000)
  from space 1024K, 100% used [0x00000000d5980000,0x00000000d5a80000,0x00000000d5a80000)
  to   space 512K, 0% used [0x00000000d5a80000,0x00000000d5a80000,0x00000000d5b00000)
 ParOldGen       total 473600K, used 473219K [0x0000000080000000, 0x000000009ce80000, 0x00000000d5580000)
  object space 473600K, 99% used [0x0000000080000000,0x000000009ce20ef0,0x000000009ce80000)
 Metaspace       used 91751K, committed 93440K, reserved 1179648K
  class space    used 8913K, committed 9664K, reserved 1048576K
}
Event: 2695.472 GC heap before
{Heap before GC invocations=5331 (full 15):
 PSYoungGen      total 2560K, used 2560K [0x00000000d5580000, 0x00000000d5b00000, 0x0000000100000000)
  eden space 1536K, 100% used [0x00000000d5580000,0x00000000d5700000,0x00000000d5700000)
  from space 1024K, 100% used [0x00000000d5980000,0x00000000d5a80000,0x00000000d5a80000)
  to   space 512K, 0% used [0x00000000d5a80000,0x00000000d5a80000,0x00000000d5b00000)
 ParOldGen       total 473600K, used 473219K [0x0000000080000000, 0x000000009ce80000, 0x00000000d5580000)
  object space 473600K, 99% used [0x0000000080000000,0x000000009ce20ef0,0x000000009ce80000)
 Metaspace       used 91751K, committed 93440K, reserved 1179648K
  class space    used 8913K, committed 9664K, reserved 1048576K
}
Event: 2695.479 GC heap after
{Heap after GC invocations=5331 (full 15):
 PSYoungGen      total 2560K, used 512K [0x00000000d5580000, 0x00000000d5c80000, 0x0000000100000000)
  eden space 2048K, 0% used [0x00000000d5580000,0x00000000d5580000,0x00000000d5780000)
  from space 512K, 100% used [0x00000000d5a80000,0x00000000d5b00000,0x00000000d5b00000)
  to   space 2560K, 0% used [0x00000000d5780000,0x00000000d5780000,0x00000000d5a00000)
 ParOldGen       total 475136K, used 474975K [0x0000000080000000, 0x000000009d000000, 0x00000000d5580000)
  object space 475136K, 99% used [0x0000000080000000,0x000000009cfd7cc0,0x000000009d000000)
 Metaspace       used 91751K, committed 93440K, reserved 1179648K
  class space    used 8913K, committed 9664K, reserved 1048576K
}
Event: 2695.497 GC heap before
{Heap before GC invocations=5332 (full 15):
 PSYoungGen      total 2560K, used 2560K [0x00000000d5580000, 0x00000000d5c80000, 0x0000000100000000)
  eden space 2048K, 100% used [0x00000000d5580000,0x00000000d5780000,0x00000000d5780000)
  from space 512K, 100% used [0x00000000d5a80000,0x00000000d5b00000,0x00000000d5b00000)
  to   space 2560K, 0% used [0x00000000d5780000,0x00000000d5780000,0x00000000d5a00000)
 ParOldGen       total 475136K, used 474975K [0x0000000080000000, 0x000000009d000000, 0x00000000d5580000)
  object space 475136K, 99% used [0x0000000080000000,0x000000009cfd7cc0,0x000000009d000000)
 Metaspace       used 91751K, committed 93440K, reserved 1179648K
  class space    used 8913K, committed 9664K, reserved 1048576K
}
Event: 2695.506 GC heap after
{Heap after GC invocations=5332 (full 15):
 PSYoungGen      total 4608K, used 1984K [0x00000000d5580000, 0x00000000d5d00000, 0x0000000100000000)
  eden space 2048K, 0% used [0x00000000d5580000,0x00000000d5580000,0x00000000d5780000)
  from space 2560K, 77% used [0x00000000d5780000,0x00000000d5970000,0x00000000d5a00000)
  to   space 2560K, 0% used [0x00000000d5a80000,0x00000000d5a80000,0x00000000d5d00000)
 ParOldGen       total 475648K, used 475515K [0x0000000080000000, 0x000000009d080000, 0x00000000d5580000)
  object space 475648K, 99% used [0x0000000080000000,0x000000009d05efd0,0x000000009d080000)
 Metaspace       used 91751K, committed 93440K, reserved 1179648K
  class space    used 8913K, committed 9664K, reserved 1048576K
}
Event: 2695.528 GC heap before
{Heap before GC invocations=5333 (full 15):
 PSYoungGen      total 4608K, used 4031K [0x00000000d5580000, 0x00000000d5d00000, 0x0000000100000000)
  eden space 2048K, 99% used [0x00000000d5580000,0x00000000d577fff8,0x00000000d5780000)
  from space 2560K, 77% used [0x00000000d5780000,0x00000000d5970000,0x00000000d5a00000)
  to   space 2560K, 0% used [0x00000000d5a80000,0x00000000d5a80000,0x00000000d5d00000)
 ParOldGen       total 475648K, used 475515K [0x0000000080000000, 0x000000009d080000, 0x00000000d5580000)
  object space 475648K, 99% used [0x0000000080000000,0x000000009d05efd0,0x000000009d080000)
 Metaspace       used 91751K, committed 93440K, reserved 1179648K
  class space    used 8913K, committed 9664K, reserved 1048576K
}
Event: 2695.541 GC heap after
{Heap after GC invocations=5333 (full 15):
 PSYoungGen      total 4608K, used 1728K [0x00000000d5580000, 0x00000000d5c80000, 0x0000000100000000)
  eden space 2560K, 0% used [0x00000000d5580000,0x00000000d5580000,0x00000000d5800000)
  from space 2048K, 84% used [0x00000000d5a80000,0x00000000d5c30000,0x00000000d5c80000)
  to   space 2048K, 0% used [0x00000000d5880000,0x00000000d5880000,0x00000000d5a80000)
 ParOldGen       total 477696K, used 477411K [0x0000000080000000, 0x000000009d280000, 0x00000000d5580000)
  object space 477696K, 99% used [0x0000000080000000,0x000000009d238fd0,0x000000009d280000)
 Metaspace       used 91751K, committed 93440K, reserved 1179648K
  class space    used 8913K, committed 9664K, reserved 1048576K
}
Event: 2695.674 GC heap before
{Heap before GC invocations=5334 (full 15):
 PSYoungGen      total 4608K, used 4288K [0x00000000d5580000, 0x00000000d5c80000, 0x0000000100000000)
  eden space 2560K, 100% used [0x00000000d5580000,0x00000000d5800000,0x00000000d5800000)
  from space 2048K, 84% used [0x00000000d5a80000,0x00000000d5c30000,0x00000000d5c80000)
  to   space 2048K, 0% used [0x00000000d5880000,0x00000000d5880000,0x00000000d5a80000)
 ParOldGen       total 477696K, used 477411K [0x0000000080000000, 0x000000009d280000, 0x00000000d5580000)
  object space 477696K, 99% used [0x0000000080000000,0x000000009d238fd0,0x000000009d280000)
 Metaspace       used 91751K, committed 93440K, reserved 1179648K
  class space    used 8913K, committed 9664K, reserved 1048576K
}
Event: 2695.680 GC heap after
{Heap after GC invocations=5334 (full 15):
 PSYoungGen      total 4096K, used 570K [0x00000000d5580000, 0x00000000d5b00000, 0x0000000100000000)
  eden space 3072K, 0% used [0x00000000d5580000,0x00000000d5580000,0x00000000d5880000)
  from space 1024K, 55% used [0x00000000d5880000,0x00000000d590e900,0x00000000d5980000)
  to   space 1024K, 0% used [0x00000000d5a00000,0x00000000d5a00000,0x00000000d5b00000)
 ParOldGen       total 479232K, used 479054K [0x0000000080000000, 0x000000009d400000, 0x00000000d5580000)
  object space 479232K, 99% used [0x0000000080000000,0x000000009d3d39e0,0x000000009d400000)
 Metaspace       used 91751K, committed 93440K, reserved 1179648K
  class space    used 8913K, committed 9664K, reserved 1048576K
}
Event: 2695.725 GC heap before
{Heap before GC invocations=5335 (full 15):
 PSYoungGen      total 4096K, used 3642K [0x00000000d5580000, 0x00000000d5b00000, 0x0000000100000000)
  eden space 3072K, 99% used [0x00000000d5580000,0x00000000d587ffc0,0x00000000d5880000)
  from space 1024K, 55% used [0x00000000d5880000,0x00000000d590e900,0x00000000d5980000)
  to   space 1024K, 0% used [0x00000000d5a00000,0x00000000d5a00000,0x00000000d5b00000)
 ParOldGen       total 479232K, used 479054K [0x0000000080000000, 0x000000009d400000, 0x00000000d5580000)
  object space 479232K, 99% used [0x0000000080000000,0x000000009d3d39e0,0x000000009d400000)
 Metaspace       used 91751K, committed 93440K, reserved 1179648K
  class space    used 8913K, committed 9664K, reserved 1048576K
}
Event: 2695.729 GC heap after
{Heap after GC invocations=5335 (full 15):
 PSYoungGen      total 4608K, used 212K [0x00000000d5580000, 0x00000000d5a80000, 0x0000000100000000)
  eden space 4096K, 0% used [0x00000000d5580000,0x00000000d5580000,0x00000000d5980000)
  from space 512K, 41% used [0x00000000d5a00000,0x00000000d5a35200,0x00000000d5a80000)
  to   space 512K, 0% used [0x00000000d5980000,0x00000000d5980000,0x00000000d5a00000)
 ParOldGen       total 479232K, used 479142K [0x0000000080000000, 0x000000009d400000, 0x00000000d5580000)
  object space 479232K, 99% used [0x0000000080000000,0x000000009d3e99e0,0x000000009d400000)
 Metaspace       used 91751K, committed 93440K, reserved 1179648K
  class space    used 8913K, committed 9664K, reserved 1048576K
}
Event: 2696.018 GC heap before
{Heap before GC invocations=5336 (full 15):
 PSYoungGen      total 4608K, used 4308K [0x00000000d5580000, 0x00000000d5a80000, 0x0000000100000000)
  eden space 4096K, 99% used [0x00000000d5580000,0x00000000d597ff60,0x00000000d5980000)
  from space 512K, 41% used [0x00000000d5a00000,0x00000000d5a35200,0x00000000d5a80000)
  to   space 512K, 0% used [0x00000000d5980000,0x00000000d5980000,0x00000000d5a00000)
 ParOldGen       total 479232K, used 479142K [0x0000000080000000, 0x000000009d400000, 0x00000000d5580000)
  object space 479232K, 99% used [0x0000000080000000,0x000000009d3e99e0,0x000000009d400000)
 Metaspace       used 91751K, committed 93440K, reserved 1179648K
  class space    used 8913K, committed 9664K, reserved 1048576K
}
Event: 2696.026 GC heap after
{Heap after GC invocations=5336 (full 15):
 PSYoungGen      total 4608K, used 224K [0x00000000d5580000, 0x00000000d5a80000, 0x0000000100000000)
  eden space 4096K, 0% used [0x00000000d5580000,0x00000000d5580000,0x00000000d5980000)
  from space 512K, 43% used [0x00000000d5980000,0x00000000d59b8000,0x00000000d5a00000)
  to   space 512K, 0% used [0x00000000d5a00000,0x00000000d5a00000,0x00000000d5a80000)
 ParOldGen       total 479232K, used 479158K [0x0000000080000000, 0x000000009d400000, 0x00000000d5580000)
  object space 479232K, 99% used [0x0000000080000000,0x000000009d3ed9e0,0x000000009d400000)
 Metaspace       used 91751K, committed 93440K, reserved 1179648K
  class space    used 8913K, committed 9664K, reserved 1048576K
}
Event: 2696.153 GC heap before
{Heap before GC invocations=5337 (full 15):
 PSYoungGen      total 4608K, used 4320K [0x00000000d5580000, 0x00000000d5a80000, 0x0000000100000000)
  eden space 4096K, 100% used [0x00000000d5580000,0x00000000d5980000,0x00000000d5980000)
  from space 512K, 43% used [0x00000000d5980000,0x00000000d59b8000,0x00000000d5a00000)
  to   space 512K, 0% used [0x00000000d5a00000,0x00000000d5a00000,0x00000000d5a80000)
 ParOldGen       total 479232K, used 479158K [0x0000000080000000, 0x000000009d400000, 0x00000000d5580000)
  object space 479232K, 99% used [0x0000000080000000,0x000000009d3ed9e0,0x000000009d400000)
 Metaspace       used 91751K, committed 93440K, reserved 1179648K
  class space    used 8913K, committed 9664K, reserved 1048576K
}
Event: 2696.157 GC heap after
{Heap after GC invocations=5337 (full 15):
 PSYoungGen      total 4096K, used 500K [0x00000000d5580000, 0x00000000d5b80000, 0x0000000100000000)
  eden space 3584K, 0% used [0x00000000d5580000,0x00000000d5580000,0x00000000d5900000)
  from space 512K, 97% used [0x00000000d5a00000,0x00000000d5a7d200,0x00000000d5a80000)
  to   space 1024K, 0% used [0x00000000d5900000,0x00000000d5900000,0x00000000d5a00000)
 ParOldGen       total 479744K, used 479250K [0x0000000080000000, 0x000000009d480000, 0x00000000d5580000)
  object space 479744K, 99% used [0x0000000080000000,0x000000009d4049f0,0x000000009d480000)
 Metaspace       used 91751K, committed 93440K, reserved 1179648K
  class space    used 8913K, committed 9664K, reserved 1048576K
}
Event: 2819.425 GC heap before
{Heap before GC invocations=5338 (full 15):
 PSYoungGen      total 4096K, used 4084K [0x00000000d5580000, 0x00000000d5b80000, 0x0000000100000000)
  eden space 3584K, 100% used [0x00000000d5580000,0x00000000d5900000,0x00000000d5900000)
  from space 512K, 97% used [0x00000000d5a00000,0x00000000d5a7d200,0x00000000d5a80000)
  to   space 1024K, 0% used [0x00000000d5900000,0x00000000d5900000,0x00000000d5a00000)
 ParOldGen       total 479744K, used 479250K [0x0000000080000000, 0x000000009d480000, 0x00000000d5580000)
  object space 479744K, 99% used [0x0000000080000000,0x000000009d4049f0,0x000000009d480000)
 Metaspace       used 91767K, committed 93440K, reserved 1179648K
  class space    used 8913K, committed 9664K, reserved 1048576K
}
Event: 2819.540 GC heap after
{Heap after GC invocations=5338 (full 15):
 PSYoungGen      total 4608K, used 576K [0x00000000d5580000, 0x00000000d5b00000, 0x0000000100000000)
  eden space 3584K, 0% used [0x00000000d5580000,0x00000000d5580000,0x00000000d5900000)
  from space 1024K, 56% used [0x00000000d5900000,0x00000000d5990000,0x00000000d5a00000)
  to   space 1024K, 0% used [0x00000000d5a00000,0x00000000d5a00000,0x00000000d5b00000)
 ParOldGen       total 479744K, used 479718K [0x0000000080000000, 0x000000009d480000, 0x00000000d5580000)
  object space 479744K, 99% used [0x0000000080000000,0x000000009d479bf0,0x000000009d480000)
 Metaspace       used 91767K, committed 93440K, reserved 1179648K
  class space    used 8913K, committed 9664K, reserved 1048576K
}

